# JRE version: OpenJDK Runtime Environment Temurin-21.0.8+9 (21.0.8+9) (build 21.0.8+9-LTS)
# Java VM: OpenJDK 64-Bit Server VM Temurin-21.0.8+9 (21.0.8+9-LTS, mixed mode, sharing, tiered, compressed oops, compressed class ptrs, parallel gc, windows-amd64)
GC Precious Log:
 CardTable entry size: 512
 CPUs: 8 total, 8 available
 Memory: 16183M
 Large Page Support: Disabled
 NUMA Support: Disabled
 Compressed Oops: Enabled (32-bit)
 Alignments: Space 512K, Generation 512K, Heap 2M
 Heap Min Capacity: 100M
 Heap Initial Capacity: 100M
 Heap Max Capacity: 2G
 Pre-touch: Disabled
 Parallel Workers: 8
Heap:
 PSYoungGen      total 3584K, used 3185K [0x00000000d5580000, 0x00000000d5a00000, 0x0000000100000000)
  eden space 3072K, 95% used [0x00000000d5580000,0x00000000d585c7c8,0x00000000d5880000)
  from space 512K, 50% used [0x00000000d5900000,0x00000000d5940000,0x00000000d5980000)
  to   space 512K, 0% used [0x00000000d5980000,0x00000000d5980000,0x00000000d5a00000)
 ParOldGen       total 1379328K, used 956772K [0x0000000080000000, 0x00000000d4300000, 0x00000000d5580000)
  object space 1379328K, 69% used [0x0000000080000000,0x00000000ba659278,0x00000000d4300000)
 Metaspace       used 69249K, committed 70784K, reserved 1114112K
  class space    used 6948K, committed 7616K, reserved 1048576K
GC Heap History (20 events):
Event: 1563.256 GC heap before
{Heap before GC invocations=3880 (full 4):
 PSYoungGen      total 3584K, used 3579K [0x00000000d5580000, 0x00000000d5a80000, 0x0000000100000000)
  eden space 3072K, 100% used [0x00000000d5580000,0x00000000d5880000,0x00000000d5880000)
  from space 512K, 99% used [0x00000000d5900000,0x00000000d597eed8,0x00000000d5980000)
  to   space 1024K, 0% used [0x00000000d5980000,0x00000000d5980000,0x00000000d5a80000)
 ParOldGen       total 1379328K, used 954467K [0x0000000080000000, 0x00000000d4300000, 0x00000000d5580000)
  object space 1379328K, 69% used [0x0000000080000000,0x00000000ba418d10,0x00000000d4300000)
 Metaspace       used 69145K, committed 70656K, reserved 1114112K
  class space    used 6945K, committed 7616K, reserved 1048576K
}
Event: 1563.260 GC heap after
{Heap after GC invocations=3880 (full 4):
 PSYoungGen      total 4096K, used 512K [0x00000000d5580000, 0x00000000d5a80000, 0x0000000100000000)
  eden space 3072K, 0% used [0x00000000d5580000,0x00000000d5580000,0x00000000d5880000)
  from space 1024K, 50% used [0x00000000d5980000,0x00000000d5a00000,0x00000000d5a80000)
  to   space 1024K, 0% used [0x00000000d5880000,0x00000000d5880000,0x00000000d5980000)
 ParOldGen       total 1379328K, used 954916K [0x0000000080000000, 0x00000000d4300000, 0x00000000d5580000)
  object space 1379328K, 69% used [0x0000000080000000,0x00000000ba489118,0x00000000d4300000)
 Metaspace       used 69145K, committed 70656K, reserved 1114112K
  class space    used 6945K, committed 7616K, reserved 1048576K
}
Event: 1563.315 GC heap before
{Heap before GC invocations=3881 (full 4):
 PSYoungGen      total 4096K, used 3582K [0x00000000d5580000, 0x00000000d5a80000, 0x0000000100000000)
  eden space 3072K, 99% used [0x00000000d5580000,0x00000000d587fb68,0x00000000d5880000)
  from space 1024K, 50% used [0x00000000d5980000,0x00000000d5a00000,0x00000000d5a80000)
  to   space 1024K, 0% used [0x00000000d5880000,0x00000000d5880000,0x00000000d5980000)
 ParOldGen       total 1379328K, used 954916K [0x0000000080000000, 0x00000000d4300000, 0x00000000d5580000)
  object space 1379328K, 69% used [0x0000000080000000,0x00000000ba489118,0x00000000d4300000)
 Metaspace       used 69149K, committed 70656K, reserved 1114112K
  class space    used 6945K, committed 7616K, reserved 1048576K
}
Event: 1563.319 GC heap after
{Heap after GC invocations=3881 (full 4):
 PSYoungGen      total 4096K, used 224K [0x00000000d5580000, 0x00000000d5a00000, 0x0000000100000000)
  eden space 3072K, 0% used [0x00000000d5580000,0x00000000d5580000,0x00000000d5880000)
  from space 1024K, 21% used [0x00000000d5880000,0x00000000d58b8000,0x00000000d5980000)
  to   space 512K, 0% used [0x00000000d5980000,0x00000000d5980000,0x00000000d5a00000)
 ParOldGen       total 1379328K, used 955244K [0x0000000080000000, 0x00000000d4300000, 0x00000000d5580000)
  object space 1379328K, 69% used [0x0000000080000000,0x00000000ba4db2e0,0x00000000d4300000)
 Metaspace       used 69149K, committed 70656K, reserved 1114112K
  class space    used 6945K, committed 7616K, reserved 1048576K
}
Event: 1563.385 GC heap before
{Heap before GC invocations=3882 (full 4):
 PSYoungGen      total 4096K, used 3296K [0x00000000d5580000, 0x00000000d5a00000, 0x0000000100000000)
  eden space 3072K, 100% used [0x00000000d5580000,0x00000000d5880000,0x00000000d5880000)
  from space 1024K, 21% used [0x00000000d5880000,0x00000000d58b8000,0x00000000d5980000)
  to   space 512K, 0% used [0x00000000d5980000,0x00000000d5980000,0x00000000d5a00000)
 ParOldGen       total 1379328K, used 955244K [0x0000000080000000, 0x00000000d4300000, 0x00000000d5580000)
  object space 1379328K, 69% used [0x0000000080000000,0x00000000ba4db2e0,0x00000000d4300000)
 Metaspace       used 69153K, committed 70656K, reserved 1114112K
  class space    used 6945K, committed 7616K, reserved 1048576K
}
Event: 1563.388 GC heap after
{Heap after GC invocations=3882 (full 4):
 PSYoungGen      total 3584K, used 480K [0x00000000d5580000, 0x00000000d5a80000, 0x0000000100000000)
  eden space 3072K, 0% used [0x00000000d5580000,0x00000000d5580000,0x00000000d5880000)
  from space 512K, 93% used [0x00000000d5980000,0x00000000d59f8000,0x00000000d5a00000)
  to   space 1024K, 0% used [0x00000000d5880000,0x00000000d5880000,0x00000000d5980000)
 ParOldGen       total 1379328K, used 955316K [0x0000000080000000, 0x00000000d4300000, 0x00000000d5580000)
  object space 1379328K, 69% used [0x0000000080000000,0x00000000ba4ed2e0,0x00000000d4300000)
 Metaspace       used 69153K, committed 70656K, reserved 1114112K
  class space    used 6945K, committed 7616K, reserved 1048576K
}
Event: 1563.451 GC heap before
{Heap before GC invocations=3883 (full 4):
 PSYoungGen      total 3584K, used 3552K [0x00000000d5580000, 0x00000000d5a80000, 0x0000000100000000)
  eden space 3072K, 100% used [0x00000000d5580000,0x00000000d5880000,0x00000000d5880000)
  from space 512K, 93% used [0x00000000d5980000,0x00000000d59f8000,0x00000000d5a00000)
  to   space 1024K, 0% used [0x00000000d5880000,0x00000000d5880000,0x00000000d5980000)
 ParOldGen       total 1379328K, used 955316K [0x0000000080000000, 0x00000000d4300000, 0x00000000d5580000)
  object space 1379328K, 69% used [0x0000000080000000,0x00000000ba4ed2e0,0x00000000d4300000)
 Metaspace       used 69153K, committed 70656K, reserved 1114112K
  class space    used 6945K, committed 7616K, reserved 1048576K
}
Event: 1563.454 GC heap after
{Heap after GC invocations=3883 (full 4):
 PSYoungGen      total 4096K, used 288K [0x00000000d5580000, 0x00000000d5a00000, 0x0000000100000000)
  eden space 3072K, 0% used [0x00000000d5580000,0x00000000d5580000,0x00000000d5880000)
  from space 1024K, 28% used [0x00000000d5880000,0x00000000d58c8000,0x00000000d5980000)
  to   space 512K, 0% used [0x00000000d5980000,0x00000000d5980000,0x00000000d5a00000)
 ParOldGen       total 1379328K, used 955410K [0x0000000080000000, 0x00000000d4300000, 0x00000000d5580000)
  object space 1379328K, 69% used [0x0000000080000000,0x00000000ba504898,0x00000000d4300000)
 Metaspace       used 69153K, committed 70656K, reserved 1114112K
  class space    used 6945K, committed 7616K, reserved 1048576K
}
Event: 1563.491 GC heap before
{Heap before GC invocations=3884 (full 4):
 PSYoungGen      total 4096K, used 3360K [0x00000000d5580000, 0x00000000d5a00000, 0x0000000100000000)
  eden space 3072K, 100% used [0x00000000d5580000,0x00000000d5880000,0x00000000d5880000)
  from space 1024K, 28% used [0x00000000d5880000,0x00000000d58c8000,0x00000000d5980000)
  to   space 512K, 0% used [0x00000000d5980000,0x00000000d5980000,0x00000000d5a00000)
 ParOldGen       total 1379328K, used 955410K [0x0000000080000000, 0x00000000d4300000, 0x00000000d5580000)
  object space 1379328K, 69% used [0x0000000080000000,0x00000000ba504898,0x00000000d4300000)
 Metaspace       used 69158K, committed 70656K, reserved 1114112K
  class space    used 6945K, committed 7616K, reserved 1048576K
}
Event: 1563.494 GC heap after
{Heap after GC invocations=3884 (full 4):
 PSYoungGen      total 3584K, used 493K [0x00000000d5580000, 0x00000000d5a80000, 0x0000000100000000)
  eden space 3072K, 0% used [0x00000000d5580000,0x00000000d5580000,0x00000000d5880000)
  from space 512K, 96% used [0x00000000d5980000,0x00000000d59fb6c8,0x00000000d5a00000)
  to   space 1024K, 0% used [0x00000000d5880000,0x00000000d5880000,0x00000000d5980000)
 ParOldGen       total 1379328K, used 955595K [0x0000000080000000, 0x00000000d4300000, 0x00000000d5580000)
  object space 1379328K, 69% used [0x0000000080000000,0x00000000ba532f30,0x00000000d4300000)
 Metaspace       used 69158K, committed 70656K, reserved 1114112K
  class space    used 6945K, committed 7616K, reserved 1048576K
}
Event: 1563.533 GC heap before
{Heap before GC invocations=3885 (full 4):
 PSYoungGen      total 3584K, used 3565K [0x00000000d5580000, 0x00000000d5a80000, 0x0000000100000000)
  eden space 3072K, 100% used [0x00000000d5580000,0x00000000d5880000,0x00000000d5880000)
  from space 512K, 96% used [0x00000000d5980000,0x00000000d59fb6c8,0x00000000d5a00000)
  to   space 1024K, 0% used [0x00000000d5880000,0x00000000d5880000,0x00000000d5980000)
 ParOldGen       total 1379328K, used 955595K [0x0000000080000000, 0x00000000d4300000, 0x00000000d5580000)
  object space 1379328K, 69% used [0x0000000080000000,0x00000000ba532f30,0x00000000d4300000)
 Metaspace       used 69168K, committed 70656K, reserved 1114112K
  class space    used 6945K, committed 7616K, reserved 1048576K
}
Event: 1563.536 GC heap after
{Heap after GC invocations=3885 (full 4):
 PSYoungGen      total 4096K, used 473K [0x00000000d5580000, 0x00000000d5a80000, 0x0000000100000000)
  eden space 3072K, 0% used [0x00000000d5580000,0x00000000d5580000,0x00000000d5880000)
  from space 1024K, 46% used [0x00000000d5880000,0x00000000d58f65b8,0x00000000d5980000)
  to   space 1024K, 0% used [0x00000000d5980000,0x00000000d5980000,0x00000000d5a80000)
 ParOldGen       total 1379328K, used 956021K [0x0000000080000000, 0x00000000d4300000, 0x00000000d5580000)
  object space 1379328K, 69% used [0x0000000080000000,0x00000000ba59d418,0x00000000d4300000)
 Metaspace       used 69168K, committed 70656K, reserved 1114112K
  class space    used 6945K, committed 7616K, reserved 1048576K
}
Event: 1563.567 GC heap before
{Heap before GC invocations=3886 (full 4):
 PSYoungGen      total 4096K, used 3545K [0x00000000d5580000, 0x00000000d5a80000, 0x0000000100000000)
  eden space 3072K, 100% used [0x00000000d5580000,0x00000000d5880000,0x00000000d5880000)
  from space 1024K, 46% used [0x00000000d5880000,0x00000000d58f65b8,0x00000000d5980000)
  to   space 1024K, 0% used [0x00000000d5980000,0x00000000d5980000,0x00000000d5a80000)
 ParOldGen       total 1379328K, used 956021K [0x0000000080000000, 0x00000000d4300000, 0x00000000d5580000)
  object space 1379328K, 69% used [0x0000000080000000,0x00000000ba59d418,0x00000000d4300000)
 Metaspace       used 69171K, committed 70656K, reserved 1114112K
  class space    used 6945K, committed 7616K, reserved 1048576K
}
Event: 1563.570 GC heap after
{Heap after GC invocations=3886 (full 4):
 PSYoungGen      total 3584K, used 192K [0x00000000d5580000, 0x00000000d5a00000, 0x0000000100000000)
  eden space 3072K, 0% used [0x00000000d5580000,0x00000000d5580000,0x00000000d5880000)
  from space 512K, 37% used [0x00000000d5980000,0x00000000d59b0000,0x00000000d5a00000)
  to   space 512K, 0% used [0x00000000d5900000,0x00000000d5900000,0x00000000d5980000)
 ParOldGen       total 1379328K, used 956350K [0x0000000080000000, 0x00000000d4300000, 0x00000000d5580000)
  object space 1379328K, 69% used [0x0000000080000000,0x00000000ba5ef9d0,0x00000000d4300000)
 Metaspace       used 69171K, committed 70656K, reserved 1114112K
  class space    used 6945K, committed 7616K, reserved 1048576K
}
Event: 1563.602 GC heap before
{Heap before GC invocations=3887 (full 4):
 PSYoungGen      total 3584K, used 3264K [0x00000000d5580000, 0x00000000d5a00000, 0x0000000100000000)
  eden space 3072K, 100% used [0x00000000d5580000,0x00000000d5880000,0x00000000d5880000)
  from space 512K, 37% used [0x00000000d5980000,0x00000000d59b0000,0x00000000d5a00000)
  to   space 512K, 0% used [0x00000000d5900000,0x00000000d5900000,0x00000000d5980000)
 ParOldGen       total 1379328K, used 956350K [0x0000000080000000, 0x00000000d4300000, 0x00000000d5580000)
  object space 1379328K, 69% used [0x0000000080000000,0x00000000ba5ef9d0,0x00000000d4300000)
 Metaspace       used 69173K, committed 70656K, reserved 1114112K
  class space    used 6945K, committed 7616K, reserved 1048576K
}
Event: 1563.604 GC heap after
{Heap after GC invocations=3887 (full 4):
 PSYoungGen      total 3584K, used 304K [0x00000000d5580000, 0x00000000d5a00000, 0x0000000100000000)
  eden space 3072K, 0% used [0x00000000d5580000,0x00000000d5580000,0x00000000d5880000)
  from space 512K, 59% used [0x00000000d5900000,0x00000000d594c348,0x00000000d5980000)
  to   space 512K, 0% used [0x00000000d5980000,0x00000000d5980000,0x00000000d5a00000)
 ParOldGen       total 1379328K, used 956455K [0x0000000080000000, 0x00000000d4300000, 0x00000000d5580000)
  object space 1379328K, 69% used [0x0000000080000000,0x00000000ba609da0,0x00000000d4300000)
 Metaspace       used 69173K, committed 70656K, reserved 1114112K
  class space    used 6945K, committed 7616K, reserved 1048576K
}
Event: 1563.631 GC heap before
{Heap before GC invocations=3888 (full 4):
 PSYoungGen      total 3584K, used 3376K [0x00000000d5580000, 0x00000000d5a00000, 0x0000000100000000)
  eden space 3072K, 100% used [0x00000000d5580000,0x00000000d5880000,0x00000000d5880000)
  from space 512K, 59% used [0x00000000d5900000,0x00000000d594c348,0x00000000d5980000)
  to   space 512K, 0% used [0x00000000d5980000,0x00000000d5980000,0x00000000d5a00000)
 ParOldGen       total 1379328K, used 956455K [0x0000000080000000, 0x00000000d4300000, 0x00000000d5580000)
  object space 1379328K, 69% used [0x0000000080000000,0x00000000ba609da0,0x00000000d4300000)
 Metaspace       used 69173K, committed 70656K, reserved 1114112K
  class space    used 6945K, committed 7616K, reserved 1048576K
}
Event: 1563.634 GC heap after
{Heap after GC invocations=3888 (full 4):
 PSYoungGen      total 3584K, used 325K [0x00000000d5580000, 0x00000000d5a00000, 0x0000000100000000)
  eden space 3072K, 0% used [0x00000000d5580000,0x00000000d5580000,0x00000000d5880000)
  from space 512K, 63% used [0x00000000d5980000,0x00000000d59d15f8,0x00000000d5a00000)
  to   space 512K, 0% used [0x00000000d5900000,0x00000000d5900000,0x00000000d5980000)
 ParOldGen       total 1379328K, used 956611K [0x0000000080000000, 0x00000000d4300000, 0x00000000d5580000)
  object space 1379328K, 69% used [0x0000000080000000,0x00000000ba630d80,0x00000000d4300000)
 Metaspace       used 69173K, committed 70656K, reserved 1114112K
  class space    used 6945K, committed 7616K, reserved 1048576K
}
Event: 9580.850 GC heap before
{Heap before GC invocations=3889 (full 4):
 PSYoungGen      total 3584K, used 3397K [0x00000000d5580000, 0x00000000d5a00000, 0x0000000100000000)
  eden space 3072K, 99% used [0x00000000d5580000,0x00000000d587fff0,0x00000000d5880000)
  from space 512K, 63% used [0x00000000d5980000,0x00000000d59d15f8,0x00000000d5a00000)
  to   space 512K, 0% used [0x00000000d5900000,0x00000000d5900000,0x00000000d5980000)
 ParOldGen       total 1379328K, used 956611K [0x0000000080000000, 0x00000000d4300000, 0x00000000d5580000)
  object space 1379328K, 69% used [0x0000000080000000,0x00000000ba630d80,0x00000000d4300000)
 Metaspace       used 69242K, committed 70784K, reserved 1114112K
  class space    used 6948K, committed 7616K, reserved 1048576K
}
Event: 9581.050 GC heap after
{Heap after GC invocations=3889 (full 4):
 PSYoungGen      total 3584K, used 256K [0x00000000d5580000, 0x00000000d5a00000, 0x0000000100000000)
  eden space 3072K, 0% used [0x00000000d5580000,0x00000000d5580000,0x00000000d5880000)
  from space 512K, 50% used [0x00000000d5900000,0x00000000d5940000,0x00000000d5980000)
  to   space 512K, 0% used [0x00000000d5980000,0x00000000d5980000,0x00000000d5a00000)
 ParOldGen       total 1379328K, used 956772K [0x0000000080000000, 0x00000000d4300000, 0x00000000d5580000)
  object space 1379328K, 69% used [0x0000000080000000,0x00000000ba659278,0x00000000d4300000)
 Metaspace       used 69242K, committed 70784K, reserved 1114112K
  class space    used 6948K, committed 7616K, reserved 1048576K
}

