# JRE version: OpenJDK Runtime Environment Temurin-21.0.10+7 (21.0.10+7) (build 21.0.10+7-LTS)
# Java VM: OpenJDK 64-Bit Server VM Temurin-21.0.10+7 (21.0.10+7-LTS, mixed mode, sharing, tiered, compressed oops, compressed class ptrs, parallel gc, windows-amd64)
GC Precious Log:
 CardTable entry size: 512
 CPUs: 24 total, 24 available
 Memory: 16091M
 Large Page Support: Disabled
 NUMA Support: Disabled
 Compressed Oops: Enabled (32-bit)
 Alignments: Space 512K, Generation 512K, Heap 2M
 Heap Min Capacity: 100M
 Heap Initial Capacity: 100M
 Heap Max Capacity: 2G
 Pre-touch: Disabled
 Parallel Workers: 18
Heap:
 PSYoungGen      total 11776K, used 512K [0x00000000d5580000, 0x00000000d6280000, 0x0000000100000000)
  eden space 11264K, 0% used [0x00000000d5580000,0x00000000d5580000,0x00000000d6080000)
  from space 512K, 100% used [0x00000000d6200000,0x00000000d6280000,0x00000000d6280000)
  to   space 1024K, 0% used [0x00000000d6100000,0x00000000d6100000,0x00000000d6200000)
 ParOldGen       total 1216000K, used 1215999K [0x0000000080000000, 0x00000000ca380000, 0x00000000d5580000)
  object space 1216000K, 99% used [0x0000000080000000,0x00000000ca37fc40,0x00000000ca380000)
 Metaspace       used 88238K, committed 89984K, reserved 1179648K
  class space    used 8688K, committed 9472K, reserved 1048576K
GC Heap History (20 events):
Event: 100.469 GC heap after
{Heap after GC invocations=4912 (full 6):
 PSYoungGen      total 13824K, used 931K [0x00000000d5580000, 0x00000000d6500000, 0x0000000100000000)
  eden space 12800K, 0% used [0x00000000d5580000,0x00000000d5580000,0x00000000d6200000)
  from space 1024K, 90% used [0x00000000d6400000,0x00000000d64e8d68,0x00000000d6500000)
  to   space 1536K, 0% used [0x00000000d6200000,0x00000000d6200000,0x00000000d6380000)
 ParOldGen       total 1210368K, used 1210051K [0x0000000080000000, 0x00000000c9e00000, 0x00000000d5580000)
  object space 1210368K, 99% used [0x0000000080000000,0x00000000c9db0cd8,0x00000000c9e00000)
 Metaspace       used 87519K, committed 89344K, reserved 1179648K
  class space    used 8588K, committed 9408K, reserved 1048576K
}
Event: 100.499 GC heap before
{Heap before GC invocations=4913 (full 6):
 PSYoungGen      total 13824K, used 13731K [0x00000000d5580000, 0x00000000d6500000, 0x0000000100000000)
  eden space 12800K, 100% used [0x00000000d5580000,0x00000000d6200000,0x00000000d6200000)
  from space 1024K, 90% used [0x00000000d6400000,0x00000000d64e8d68,0x00000000d6500000)
  to   space 1536K, 0% used [0x00000000d6200000,0x00000000d6200000,0x00000000d6380000)
 ParOldGen       total 1210368K, used 1210051K [0x0000000080000000, 0x00000000c9e00000, 0x00000000d5580000)
  object space 1210368K, 99% used [0x0000000080000000,0x00000000c9db0cd8,0x00000000c9e00000)
 Metaspace       used 87521K, committed 89344K, reserved 1179648K
  class space    used 8588K, committed 9408K, reserved 1048576K
}
Event: 100.500 GC heap after
{Heap after GC invocations=4913 (full 6):
 PSYoungGen      total 14336K, used 793K [0x00000000d5580000, 0x00000000d6480000, 0x0000000100000000)
  eden space 12800K, 0% used [0x00000000d5580000,0x00000000d5580000,0x00000000d6200000)
  from space 1536K, 51% used [0x00000000d6200000,0x00000000d62c6770,0x00000000d6380000)
  to   space 1024K, 0% used [0x00000000d6380000,0x00000000d6380000,0x00000000d6480000)
 ParOldGen       total 1210880K, used 1210528K [0x0000000080000000, 0x00000000c9e80000, 0x00000000d5580000)
  object space 1210880K, 99% used [0x0000000080000000,0x00000000c9e28200,0x00000000c9e80000)
 Metaspace       used 87521K, committed 89344K, reserved 1179648K
  class space    used 8588K, committed 9408K, reserved 1048576K
}
Event: 100.517 GC heap before
{Heap before GC invocations=4914 (full 6):
 PSYoungGen      total 14336K, used 13593K [0x00000000d5580000, 0x00000000d6480000, 0x0000000100000000)
  eden space 12800K, 100% used [0x00000000d5580000,0x00000000d6200000,0x00000000d6200000)
  from space 1536K, 51% used [0x00000000d6200000,0x00000000d62c6770,0x00000000d6380000)
  to   space 1024K, 0% used [0x00000000d6380000,0x00000000d6380000,0x00000000d6480000)
 ParOldGen       total 1210880K, used 1210528K [0x0000000080000000, 0x00000000c9e80000, 0x00000000d5580000)
  object space 1210880K, 99% used [0x0000000080000000,0x00000000c9e28200,0x00000000c9e80000)
 Metaspace       used 87521K, committed 89344K, reserved 1179648K
  class space    used 8588K, committed 9408K, reserved 1048576K
}
Event: 100.518 GC heap after
{Heap after GC invocations=4914 (full 6):
 PSYoungGen      total 13312K, used 992K [0x00000000d5580000, 0x00000000d6600000, 0x0000000100000000)
  eden space 12288K, 0% used [0x00000000d5580000,0x00000000d5580000,0x00000000d6180000)
  from space 1024K, 96% used [0x00000000d6380000,0x00000000d6478040,0x00000000d6480000)
  to   space 2048K, 0% used [0x00000000d6180000,0x00000000d6180000,0x00000000d6380000)
 ParOldGen       total 1211392K, used 1211117K [0x0000000080000000, 0x00000000c9f00000, 0x00000000d5580000)
  object space 1211392K, 99% used [0x0000000080000000,0x00000000c9ebb5e0,0x00000000c9f00000)
 Metaspace       used 87521K, committed 89344K, reserved 1179648K
  class space    used 8588K, committed 9408K, reserved 1048576K
}
Event: 100.553 GC heap before
{Heap before GC invocations=4915 (full 6):
 PSYoungGen      total 13312K, used 13280K [0x00000000d5580000, 0x00000000d6600000, 0x0000000100000000)
  eden space 12288K, 100% used [0x00000000d5580000,0x00000000d6180000,0x00000000d6180000)
  from space 1024K, 96% used [0x00000000d6380000,0x00000000d6478040,0x00000000d6480000)
  to   space 2048K, 0% used [0x00000000d6180000,0x00000000d6180000,0x00000000d6380000)
 ParOldGen       total 1211392K, used 1211117K [0x0000000080000000, 0x00000000c9f00000, 0x00000000d5580000)
  object space 1211392K, 99% used [0x0000000080000000,0x00000000c9ebb5e0,0x00000000c9f00000)
 Metaspace       used 87526K, committed 89344K, reserved 1179648K
  class space    used 8588K, committed 9408K, reserved 1048576K
}
Event: 100.556 GC heap after
{Heap after GC invocations=4915 (full 6):
 PSYoungGen      total 13312K, used 956K [0x00000000d5580000, 0x00000000d6480000, 0x0000000100000000)
  eden space 12288K, 0% used [0x00000000d5580000,0x00000000d5580000,0x00000000d6180000)
  from space 1024K, 93% used [0x00000000d6180000,0x00000000d626f338,0x00000000d6280000)
  to   space 1536K, 0% used [0x00000000d6300000,0x00000000d6300000,0x00000000d6480000)
 ParOldGen       total 1212416K, used 1212024K [0x0000000080000000, 0x00000000ca000000, 0x00000000d5580000)
  object space 1212416K, 99% used [0x0000000080000000,0x00000000c9f9e028,0x00000000ca000000)
 Metaspace       used 87526K, committed 89344K, reserved 1179648K
  class space    used 8588K, committed 9408K, reserved 1048576K
}
Event: 127.114 GC heap before
{Heap before GC invocations=4916 (full 6):
 PSYoungGen      total 13312K, used 13244K [0x00000000d5580000, 0x00000000d6480000, 0x0000000100000000)
  eden space 12288K, 99% used [0x00000000d5580000,0x00000000d617ffc8,0x00000000d6180000)
  from space 1024K, 93% used [0x00000000d6180000,0x00000000d626f338,0x00000000d6280000)
  to   space 1536K, 0% used [0x00000000d6300000,0x00000000d6300000,0x00000000d6480000)
 ParOldGen       total 1212416K, used 1212024K [0x0000000080000000, 0x00000000ca000000, 0x00000000d5580000)
  object space 1212416K, 99% used [0x0000000080000000,0x00000000c9f9e028,0x00000000ca000000)
 Metaspace       used 87574K, committed 89344K, reserved 1179648K
  class space    used 8593K, committed 9408K, reserved 1048576K
}
Event: 127.116 GC heap after
{Heap after GC invocations=4916 (full 6):
 PSYoungGen      total 13312K, used 715K [0x00000000d5580000, 0x00000000d6400000, 0x0000000100000000)
  eden space 12288K, 0% used [0x00000000d5580000,0x00000000d5580000,0x00000000d6180000)
  from space 1024K, 69% used [0x00000000d6300000,0x00000000d63b2d10,0x00000000d6400000)
  to   space 1024K, 0% used [0x00000000d6180000,0x00000000d6180000,0x00000000d6280000)
 ParOldGen       total 1212928K, used 1212617K [0x0000000080000000, 0x00000000ca080000, 0x00000000d5580000)
  object space 1212928K, 99% used [0x0000000080000000,0x00000000ca032790,0x00000000ca080000)
 Metaspace       used 87574K, committed 89344K, reserved 1179648K
  class space    used 8593K, committed 9408K, reserved 1048576K
}
Event: 127.130 GC heap before
{Heap before GC invocations=4917 (full 6):
 PSYoungGen      total 13312K, used 13003K [0x00000000d5580000, 0x00000000d6400000, 0x0000000100000000)
  eden space 12288K, 100% used [0x00000000d5580000,0x00000000d6180000,0x00000000d6180000)
  from space 1024K, 69% used [0x00000000d6300000,0x00000000d63b2d10,0x00000000d6400000)
  to   space 1024K, 0% used [0x00000000d6180000,0x00000000d6180000,0x00000000d6280000)
 ParOldGen       total 1212928K, used 1212617K [0x0000000080000000, 0x00000000ca080000, 0x00000000d5580000)
  object space 1212928K, 99% used [0x0000000080000000,0x00000000ca032790,0x00000000ca080000)
 Metaspace       used 87574K, committed 89344K, reserved 1179648K
  class space    used 8593K, committed 9408K, reserved 1048576K
}
Event: 127.132 GC heap after
{Heap after GC invocations=4917 (full 6):
 PSYoungGen      total 13312K, used 745K [0x00000000d5580000, 0x00000000d6380000, 0x0000000100000000)
  eden space 12288K, 0% used [0x00000000d5580000,0x00000000d5580000,0x00000000d6180000)
  from space 1024K, 72% used [0x00000000d6180000,0x00000000d623a400,0x00000000d6280000)
  to   space 1024K, 0% used [0x00000000d6280000,0x00000000d6280000,0x00000000d6380000)
 ParOldGen       total 1213440K, used 1213087K [0x0000000080000000, 0x00000000ca100000, 0x00000000d5580000)
  object space 1213440K, 99% used [0x0000000080000000,0x00000000ca0a7dc0,0x00000000ca100000)
 Metaspace       used 87574K, committed 89344K, reserved 1179648K
  class space    used 8593K, committed 9408K, reserved 1048576K
}
Event: 127.142 GC heap before
{Heap before GC invocations=4918 (full 6):
 PSYoungGen      total 13312K, used 13033K [0x00000000d5580000, 0x00000000d6380000, 0x0000000100000000)
  eden space 12288K, 100% used [0x00000000d5580000,0x00000000d6180000,0x00000000d6180000)
  from space 1024K, 72% used [0x00000000d6180000,0x00000000d623a400,0x00000000d6280000)
  to   space 1024K, 0% used [0x00000000d6280000,0x00000000d6280000,0x00000000d6380000)
 ParOldGen       total 1213440K, used 1213087K [0x0000000080000000, 0x00000000ca100000, 0x00000000d5580000)
  object space 1213440K, 99% used [0x0000000080000000,0x00000000ca0a7dc0,0x00000000ca100000)
 Metaspace       used 87574K, committed 89344K, reserved 1179648K
  class space    used 8593K, committed 9408K, reserved 1048576K
}
Event: 127.143 GC heap after
{Heap after GC invocations=4918 (full 6):
 PSYoungGen      total 12288K, used 994K [0x00000000d5580000, 0x00000000d6580000, 0x0000000100000000)
  eden space 11264K, 0% used [0x00000000d5580000,0x00000000d5580000,0x00000000d6080000)
  from space 1024K, 97% used [0x00000000d6280000,0x00000000d6378928,0x00000000d6380000)
  to   space 2048K, 0% used [0x00000000d6080000,0x00000000d6080000,0x00000000d6280000)
 ParOldGen       total 1213952K, used 1213560K [0x0000000080000000, 0x00000000ca180000, 0x00000000d5580000)
  object space 1213952K, 99% used [0x0000000080000000,0x00000000ca11e1c0,0x00000000ca180000)
 Metaspace       used 87574K, committed 89344K, reserved 1179648K
  class space    used 8593K, committed 9408K, reserved 1048576K
}
Event: 127.148 GC heap before
{Heap before GC invocations=4919 (full 6):
 PSYoungGen      total 12288K, used 12258K [0x00000000d5580000, 0x00000000d6580000, 0x0000000100000000)
  eden space 11264K, 100% used [0x00000000d5580000,0x00000000d6080000,0x00000000d6080000)
  from space 1024K, 97% used [0x00000000d6280000,0x00000000d6378928,0x00000000d6380000)
  to   space 2048K, 0% used [0x00000000d6080000,0x00000000d6080000,0x00000000d6280000)
 ParOldGen       total 1213952K, used 1213560K [0x0000000080000000, 0x00000000ca180000, 0x00000000d5580000)
  object space 1213952K, 99% used [0x0000000080000000,0x00000000ca11e1c0,0x00000000ca180000)
 Metaspace       used 87574K, committed 89344K, reserved 1179648K
  class space    used 8593K, committed 9408K, reserved 1048576K
}
Event: 127.150 GC heap after
{Heap after GC invocations=4919 (full 6):
 PSYoungGen      total 11776K, used 448K [0x00000000d5580000, 0x00000000d6300000, 0x0000000100000000)
  eden space 11264K, 0% used [0x00000000d5580000,0x00000000d5580000,0x00000000d6080000)
  from space 512K, 87% used [0x00000000d6080000,0x00000000d60f0000,0x00000000d6100000)
  to   space 1024K, 0% used [0x00000000d6200000,0x00000000d6200000,0x00000000d6300000)
 ParOldGen       total 1214464K, used 1214276K [0x0000000080000000, 0x00000000ca200000, 0x00000000d5580000)
  object space 1214464K, 99% used [0x0000000080000000,0x00000000ca1d1098,0x00000000ca200000)
 Metaspace       used 87574K, committed 89344K, reserved 1179648K
  class space    used 8593K, committed 9408K, reserved 1048576K
}
Event: 127.200 GC heap before
{Heap before GC invocations=4920 (full 6):
 PSYoungGen      total 11776K, used 11712K [0x00000000d5580000, 0x00000000d6300000, 0x0000000100000000)
  eden space 11264K, 100% used [0x00000000d5580000,0x00000000d6080000,0x00000000d6080000)
  from space 512K, 87% used [0x00000000d6080000,0x00000000d60f0000,0x00000000d6100000)
  to   space 1024K, 0% used [0x00000000d6200000,0x00000000d6200000,0x00000000d6300000)
 ParOldGen       total 1214464K, used 1214276K [0x0000000080000000, 0x00000000ca200000, 0x00000000d5580000)
  object space 1214464K, 99% used [0x0000000080000000,0x00000000ca1d1098,0x00000000ca200000)
 Metaspace       used 87771K, committed 89536K, reserved 1179648K
  class space    used 8637K, committed 9408K, reserved 1048576K
}
Event: 127.201 GC heap after
{Heap after GC invocations=4920 (full 6):
 PSYoungGen      total 12288K, used 809K [0x00000000d5580000, 0x00000000d6300000, 0x0000000100000000)
  eden space 11264K, 0% used [0x00000000d5580000,0x00000000d5580000,0x00000000d6080000)
  from space 1024K, 79% used [0x00000000d6200000,0x00000000d62ca400,0x00000000d6300000)
  to   space 1024K, 0% used [0x00000000d6100000,0x00000000d6100000,0x00000000d6200000)
 ParOldGen       total 1214976K, used 1214540K [0x0000000080000000, 0x00000000ca280000, 0x00000000d5580000)
  object space 1214976K, 99% used [0x0000000080000000,0x00000000ca213098,0x00000000ca280000)
 Metaspace       used 87771K, committed 89536K, reserved 1179648K
  class space    used 8637K, committed 9408K, reserved 1048576K
}
Event: 127.217 GC heap before
{Heap before GC invocations=4921 (full 6):
 PSYoungGen      total 12288K, used 12073K [0x00000000d5580000, 0x00000000d6300000, 0x0000000100000000)
  eden space 11264K, 100% used [0x00000000d5580000,0x00000000d6080000,0x00000000d6080000)
  from space 1024K, 79% used [0x00000000d6200000,0x00000000d62ca400,0x00000000d6300000)
  to   space 1024K, 0% used [0x00000000d6100000,0x00000000d6100000,0x00000000d6200000)
 ParOldGen       total 1214976K, used 1214540K [0x0000000080000000, 0x00000000ca280000, 0x00000000d5580000)
  object space 1214976K, 99% used [0x0000000080000000,0x00000000ca213098,0x00000000ca280000)
 Metaspace       used 87780K, committed 89536K, reserved 1179648K
  class space    used 8638K, committed 9408K, reserved 1048576K
}
Event: 127.218 GC heap after
{Heap after GC invocations=4921 (full 6):
 PSYoungGen      total 12288K, used 768K [0x00000000d5580000, 0x00000000d6280000, 0x0000000100000000)
  eden space 11264K, 0% used [0x00000000d5580000,0x00000000d5580000,0x00000000d6080000)
  from space 1024K, 75% used [0x00000000d6100000,0x00000000d61c0000,0x00000000d6200000)
  to   space 512K, 0% used [0x00000000d6200000,0x00000000d6200000,0x00000000d6280000)
 ParOldGen       total 1215488K, used 1215147K [0x0000000080000000, 0x00000000ca300000, 0x00000000d5580000)
  object space 1215488K, 99% used [0x0000000080000000,0x00000000ca2aac10,0x00000000ca300000)
 Metaspace       used 87780K, committed 89536K, reserved 1179648K
  class space    used 8638K, committed 9408K, reserved 1048576K
}
Event: 344.351 GC heap before
{Heap before GC invocations=4922 (full 6):
 PSYoungGen      total 12288K, used 12012K [0x00000000d5580000, 0x00000000d6280000, 0x0000000100000000)
  eden space 11264K, 99% used [0x00000000d5580000,0x00000000d607b3e8,0x00000000d6080000)
  from space 1024K, 75% used [0x00000000d6100000,0x00000000d61c0000,0x00000000d6200000)
  to   space 512K, 0% used [0x00000000d6200000,0x00000000d6200000,0x00000000d6280000)
 ParOldGen       total 1215488K, used 1215147K [0x0000000080000000, 0x00000000ca300000, 0x00000000d5580000)
  object space 1215488K, 99% used [0x0000000080000000,0x00000000ca2aac10,0x00000000ca300000)
 Metaspace       used 88238K, committed 89984K, reserved 1179648K
  class space    used 8688K, committed 9472K, reserved 1048576K
}

