# JRE version: OpenJDK Runtime Environment Temurin-21.0.10+7 (21.0.10+7) (build 21.0.10+7-LTS)
# Java VM: OpenJDK 64-Bit Server VM Temurin-21.0.10+7 (21.0.10+7-LTS, mixed mode, sharing, tiered, compressed oops, compressed class ptrs, parallel gc, windows-amd64)
GC Precious Log:
 CardTable entry size: 512
 CPUs: 24 total, 24 available
 Memory: 16091M
 Large Page Support: Disabled
 NUMA Support: Disabled
 Compressed Oops: Enabled (32-bit)
 Alignments: Space 512K, Generation 512K, Heap 2M
 Heap Min Capacity: 100M
 Heap Initial Capacity: 100M
 Heap Max Capacity: 2G
 Pre-touch: Disabled
 Parallel Workers: 18
Heap:
 PSYoungGen      total 9728K, used 1597K [0x00000000d5580000, 0x00000000d6280000, 0x0000000100000000)
  eden space 9216K, 12% used [0x00000000d5580000,0x00000000d569f648,0x00000000d5e80000)
  from space 512K, 87% used [0x00000000d6200000,0x00000000d6270000,0x00000000d6280000)
  to   space 1024K, 0% used [0x00000000d6080000,0x00000000d6080000,0x00000000d6180000)
 ParOldGen       total 926208K, used 926095K [0x0000000080000000, 0x00000000b8880000, 0x00000000d5580000)
  object space 926208K, 99% used [0x0000000080000000,0x00000000b8863f18,0x00000000b8880000)
 Metaspace       used 102339K, committed 104448K, reserved 1179648K
  class space    used 10089K, committed 11072K, reserved 1048576K
GC Heap History (20 events):
Event: 1361.369 GC heap before
{Heap before GC invocations=5354 (full 9):
 PSYoungGen      total 14848K, used 14583K [0x00000000d5580000, 0x00000000d6a00000, 0x0000000100000000)
  eden space 13312K, 98% used [0x00000000d5580000,0x00000000d62456e0,0x00000000d6280000)
  from space 1536K, 98% used [0x00000000d6580000,0x00000000d66f87b0,0x00000000d6700000)
  to   space 3072K, 0% used [0x00000000d6280000,0x00000000d6280000,0x00000000d6580000)
 ParOldGen       total 904704K, used 904527K [0x0000000080000000, 0x00000000b7380000, 0x00000000d5580000)
  object space 904704K, 99% used [0x0000000080000000,0x00000000b7353e88,0x00000000b7380000)
 Metaspace       used 102311K, committed 104448K, reserved 1179648K
  class space    used 10089K, committed 11072K, reserved 1048576K
}
Event: 1361.371 GC heap after
{Heap after GC invocations=5354 (full 9):
 PSYoungGen      total 16384K, used 3047K [0x00000000d5580000, 0x00000000d6c80000, 0x0000000100000000)
  eden space 13312K, 0% used [0x00000000d5580000,0x00000000d5580000,0x00000000d6280000)
  from space 3072K, 99% used [0x00000000d6280000,0x00000000d6579c38,0x00000000d6580000)
  to   space 5120K, 0% used [0x00000000d6780000,0x00000000d6780000,0x00000000d6c80000)
 ParOldGen       total 906240K, used 906094K [0x0000000080000000, 0x00000000b7500000, 0x00000000d5580000)
  object space 906240K, 99% used [0x0000000080000000,0x00000000b74db910,0x00000000b7500000)
 Metaspace       used 102311K, committed 104448K, reserved 1179648K
  class space    used 10089K, committed 11072K, reserved 1048576K
}
Event: 1361.450 GC heap before
{Heap before GC invocations=5355 (full 9):
 PSYoungGen      total 16384K, used 16359K [0x00000000d5580000, 0x00000000d6c80000, 0x0000000100000000)
  eden space 13312K, 100% used [0x00000000d5580000,0x00000000d6280000,0x00000000d6280000)
  from space 3072K, 99% used [0x00000000d6280000,0x00000000d6579c38,0x00000000d6580000)
  to   space 5120K, 0% used [0x00000000d6780000,0x00000000d6780000,0x00000000d6c80000)
 ParOldGen       total 906240K, used 906094K [0x0000000080000000, 0x00000000b7500000, 0x00000000d5580000)
  object space 906240K, 99% used [0x0000000080000000,0x00000000b74db910,0x00000000b7500000)
 Metaspace       used 102311K, committed 104448K, reserved 1179648K
  class space    used 10089K, committed 11072K, reserved 1048576K
}
Event: 1361.454 GC heap after
{Heap after GC invocations=5355 (full 9):
 PSYoungGen      total 11776K, used 5100K [0x00000000d5580000, 0x00000000d7980000, 0x0000000100000000)
  eden space 6656K, 0% used [0x00000000d5580000,0x00000000d5580000,0x00000000d5c00000)
  from space 5120K, 99% used [0x00000000d6780000,0x00000000d6c7b3f0,0x00000000d6c80000)
  to   space 11776K, 0% used [0x00000000d5c00000,0x00000000d5c00000,0x00000000d6780000)
 ParOldGen       total 911360K, used 911273K [0x0000000080000000, 0x00000000b7a00000, 0x00000000d5580000)
  object space 911360K, 99% used [0x0000000080000000,0x00000000b79ea7e0,0x00000000b7a00000)
 Metaspace       used 102311K, committed 104448K, reserved 1179648K
  class space    used 10089K, committed 11072K, reserved 1048576K
}
Event: 1361.459 GC heap before
{Heap before GC invocations=5356 (full 9):
 PSYoungGen      total 11776K, used 11756K [0x00000000d5580000, 0x00000000d7980000, 0x0000000100000000)
  eden space 6656K, 100% used [0x00000000d5580000,0x00000000d5c00000,0x00000000d5c00000)
  from space 5120K, 99% used [0x00000000d6780000,0x00000000d6c7b3f0,0x00000000d6c80000)
  to   space 11776K, 0% used [0x00000000d5c00000,0x00000000d5c00000,0x00000000d6780000)
 ParOldGen       total 911360K, used 911273K [0x0000000080000000, 0x00000000b7a00000, 0x00000000d5580000)
  object space 911360K, 99% used [0x0000000080000000,0x00000000b79ea7e0,0x00000000b7a00000)
 Metaspace       used 102311K, committed 104448K, reserved 1179648K
  class space    used 10089K, committed 11072K, reserved 1048576K
}
Event: 1361.462 GC heap after
{Heap after GC invocations=5356 (full 9):
 PSYoungGen      total 7680K, used 640K [0x00000000d5580000, 0x00000000d6800000, 0x0000000100000000)
  eden space 6656K, 0% used [0x00000000d5580000,0x00000000d5580000,0x00000000d5c00000)
  from space 1024K, 62% used [0x00000000d5c00000,0x00000000d5ca0000,0x00000000d5d00000)
  to   space 4608K, 0% used [0x00000000d6380000,0x00000000d6380000,0x00000000d6800000)
 ParOldGen       total 916992K, used 916485K [0x0000000080000000, 0x00000000b7f80000, 0x00000000d5580000)
  object space 916992K, 99% used [0x0000000080000000,0x00000000b7f01578,0x00000000b7f80000)
 Metaspace       used 102311K, committed 104448K, reserved 1179648K
  class space    used 10089K, committed 11072K, reserved 1048576K
}
Event: 1361.476 GC heap before
{Heap before GC invocations=5357 (full 9):
 PSYoungGen      total 7680K, used 7296K [0x00000000d5580000, 0x00000000d6800000, 0x0000000100000000)
  eden space 6656K, 100% used [0x00000000d5580000,0x00000000d5c00000,0x00000000d5c00000)
  from space 1024K, 62% used [0x00000000d5c00000,0x00000000d5ca0000,0x00000000d5d00000)
  to   space 4608K, 0% used [0x00000000d6380000,0x00000000d6380000,0x00000000d6800000)
 ParOldGen       total 916992K, used 916485K [0x0000000080000000, 0x00000000b7f80000, 0x00000000d5580000)
  object space 916992K, 99% used [0x0000000080000000,0x00000000b7f01578,0x00000000b7f80000)
 Metaspace       used 102311K, committed 104448K, reserved 1179648K
  class space    used 10089K, committed 11072K, reserved 1048576K
}
Event: 1361.478 GC heap after
{Heap after GC invocations=5357 (full 9):
 PSYoungGen      total 8192K, used 1120K [0x00000000d5580000, 0x00000000d6500000, 0x0000000100000000)
  eden space 6656K, 0% used [0x00000000d5580000,0x00000000d5580000,0x00000000d5c00000)
  from space 1536K, 72% used [0x00000000d6380000,0x00000000d6498000,0x00000000d6500000)
  to   space 2048K, 0% used [0x00000000d6100000,0x00000000d6100000,0x00000000d6300000)
 ParOldGen       total 916992K, used 916965K [0x0000000080000000, 0x00000000b7f80000, 0x00000000d5580000)
  object space 916992K, 99% used [0x0000000080000000,0x00000000b7f795b8,0x00000000b7f80000)
 Metaspace       used 102311K, committed 104448K, reserved 1179648K
  class space    used 10089K, committed 11072K, reserved 1048576K
}
Event: 1361.486 GC heap before
{Heap before GC invocations=5358 (full 9):
 PSYoungGen      total 8192K, used 7776K [0x00000000d5580000, 0x00000000d6500000, 0x0000000100000000)
  eden space 6656K, 100% used [0x00000000d5580000,0x00000000d5c00000,0x00000000d5c00000)
  from space 1536K, 72% used [0x00000000d6380000,0x00000000d6498000,0x00000000d6500000)
  to   space 2048K, 0% used [0x00000000d6100000,0x00000000d6100000,0x00000000d6300000)
 ParOldGen       total 916992K, used 916965K [0x0000000080000000, 0x00000000b7f80000, 0x00000000d5580000)
  object space 916992K, 99% used [0x0000000080000000,0x00000000b7f795b8,0x00000000b7f80000)
 Metaspace       used 102311K, committed 104448K, reserved 1179648K
  class space    used 10089K, committed 11072K, reserved 1048576K
}
Event: 1361.492 GC heap after
{Heap after GC invocations=5358 (full 9):
 PSYoungGen      total 10240K, used 1618K [0x00000000d5580000, 0x00000000d6400000, 0x0000000100000000)
  eden space 8192K, 0% used [0x00000000d5580000,0x00000000d5580000,0x00000000d5d80000)
  from space 2048K, 79% used [0x00000000d6100000,0x00000000d6294810,0x00000000d6300000)
  to   space 1024K, 0% used [0x00000000d6300000,0x00000000d6300000,0x00000000d6400000)
 ParOldGen       total 918016K, used 917819K [0x0000000080000000, 0x00000000b8080000, 0x00000000d5580000)
  object space 918016K, 99% used [0x0000000080000000,0x00000000b804ef88,0x00000000b8080000)
 Metaspace       used 102311K, committed 104448K, reserved 1179648K
  class space    used 10089K, committed 11072K, reserved 1048576K
}
Event: 1361.503 GC heap before
{Heap before GC invocations=5359 (full 9):
 PSYoungGen      total 10240K, used 9810K [0x00000000d5580000, 0x00000000d6400000, 0x0000000100000000)
  eden space 8192K, 100% used [0x00000000d5580000,0x00000000d5d80000,0x00000000d5d80000)
  from space 2048K, 79% used [0x00000000d6100000,0x00000000d6294810,0x00000000d6300000)
  to   space 1024K, 0% used [0x00000000d6300000,0x00000000d6300000,0x00000000d6400000)
 ParOldGen       total 918016K, used 917819K [0x0000000080000000, 0x00000000b8080000, 0x00000000d5580000)
  object space 918016K, 99% used [0x0000000080000000,0x00000000b804ef88,0x00000000b8080000)
 Metaspace       used 102311K, committed 104448K, reserved 1179648K
  class space    used 10089K, committed 11072K, reserved 1048576K
}
Event: 1361.507 GC heap after
{Heap after GC invocations=5359 (full 9):
 PSYoungGen      total 10240K, used 1024K [0x00000000d5580000, 0x00000000d6880000, 0x0000000100000000)
  eden space 9216K, 0% used [0x00000000d5580000,0x00000000d5580000,0x00000000d5e80000)
  from space 1024K, 100% used [0x00000000d6300000,0x00000000d6400000,0x00000000d6400000)
  to   space 4608K, 0% used [0x00000000d5e80000,0x00000000d5e80000,0x00000000d6300000)
 ParOldGen       total 921088K, used 920693K [0x0000000080000000, 0x00000000b8380000, 0x00000000d5580000)
  object space 921088K, 99% used [0x0000000080000000,0x00000000b831d798,0x00000000b8380000)
 Metaspace       used 102311K, committed 104448K, reserved 1179648K
  class space    used 10089K, committed 11072K, reserved 1048576K
}
Event: 1361.518 GC heap before
{Heap before GC invocations=5360 (full 9):
 PSYoungGen      total 10240K, used 10240K [0x00000000d5580000, 0x00000000d6880000, 0x0000000100000000)
  eden space 9216K, 100% used [0x00000000d5580000,0x00000000d5e80000,0x00000000d5e80000)
  from space 1024K, 100% used [0x00000000d6300000,0x00000000d6400000,0x00000000d6400000)
  to   space 4608K, 0% used [0x00000000d5e80000,0x00000000d5e80000,0x00000000d6300000)
 ParOldGen       total 921088K, used 920693K [0x0000000080000000, 0x00000000b8380000, 0x00000000d5580000)
  object space 921088K, 99% used [0x0000000080000000,0x00000000b831d798,0x00000000b8380000)
 Metaspace       used 102315K, committed 104448K, reserved 1179648K
  class space    used 10089K, committed 11072K, reserved 1048576K
}
Event: 1361.520 GC heap after
{Heap after GC invocations=5360 (full 9):
 PSYoungGen      total 13824K, used 2430K [0x00000000d5580000, 0x00000000d6680000, 0x0000000100000000)
  eden space 9216K, 0% used [0x00000000d5580000,0x00000000d5580000,0x00000000d5e80000)
  from space 4608K, 52% used [0x00000000d5e80000,0x00000000d60dfae8,0x00000000d6300000)
  to   space 3072K, 0% used [0x00000000d6380000,0x00000000d6380000,0x00000000d6680000)
 ParOldGen       total 922112K, used 921652K [0x0000000080000000, 0x00000000b8480000, 0x00000000d5580000)
  object space 922112K, 99% used [0x0000000080000000,0x00000000b840d0d8,0x00000000b8480000)
 Metaspace       used 102315K, committed 104448K, reserved 1179648K
  class space    used 10089K, committed 11072K, reserved 1048576K
}
Event: 1361.539 GC heap before
{Heap before GC invocations=5361 (full 9):
 PSYoungGen      total 13824K, used 11646K [0x00000000d5580000, 0x00000000d6680000, 0x0000000100000000)
  eden space 9216K, 100% used [0x00000000d5580000,0x00000000d5e80000,0x00000000d5e80000)
  from space 4608K, 52% used [0x00000000d5e80000,0x00000000d60dfae8,0x00000000d6300000)
  to   space 3072K, 0% used [0x00000000d6380000,0x00000000d6380000,0x00000000d6680000)
 ParOldGen       total 922112K, used 921652K [0x0000000080000000, 0x00000000b8480000, 0x00000000d5580000)
  object space 922112K, 99% used [0x0000000080000000,0x00000000b840d0d8,0x00000000b8480000)
 Metaspace       used 102315K, committed 104448K, reserved 1179648K
  class space    used 10089K, committed 11072K, reserved 1048576K
}
Event: 1361.541 GC heap after
{Heap after GC invocations=5361 (full 9):
 PSYoungGen      total 12288K, used 2762K [0x00000000d5580000, 0x00000000d6680000, 0x0000000100000000)
  eden space 9216K, 0% used [0x00000000d5580000,0x00000000d5580000,0x00000000d5e80000)
  from space 3072K, 89% used [0x00000000d6380000,0x00000000d6632840,0x00000000d6680000)
  to   space 3072K, 0% used [0x00000000d6080000,0x00000000d6080000,0x00000000d6380000)
 ParOldGen       total 924160K, used 923807K [0x0000000080000000, 0x00000000b8680000, 0x00000000d5580000)
  object space 924160K, 99% used [0x0000000080000000,0x00000000b8627dd0,0x00000000b8680000)
 Metaspace       used 102315K, committed 104448K, reserved 1179648K
  class space    used 10089K, committed 11072K, reserved 1048576K
}
Event: 1526.002 GC heap before
{Heap before GC invocations=5362 (full 9):
 PSYoungGen      total 12288K, used 11978K [0x00000000d5580000, 0x00000000d6680000, 0x0000000100000000)
  eden space 9216K, 100% used [0x00000000d5580000,0x00000000d5e80000,0x00000000d5e80000)
  from space 3072K, 89% used [0x00000000d6380000,0x00000000d6632840,0x00000000d6680000)
  to   space 3072K, 0% used [0x00000000d6080000,0x00000000d6080000,0x00000000d6380000)
 ParOldGen       total 924160K, used 923807K [0x0000000080000000, 0x00000000b8680000, 0x00000000d5580000)
  object space 924160K, 99% used [0x0000000080000000,0x00000000b8627dd0,0x00000000b8680000)
 Metaspace       used 102331K, committed 104448K, reserved 1179648K
  class space    used 10089K, committed 11072K, reserved 1048576K
}
Event: 1526.009 GC heap after
{Heap after GC invocations=5362 (full 9):
 PSYoungGen      total 10752K, used 1112K [0x00000000d5580000, 0x00000000d6400000, 0x0000000100000000)
  eden space 9216K, 0% used [0x00000000d5580000,0x00000000d5580000,0x00000000d5e80000)
  from space 1536K, 72% used [0x00000000d6080000,0x00000000d6196030,0x00000000d6200000)
  to   space 2048K, 0% used [0x00000000d6200000,0x00000000d6200000,0x00000000d6400000)
 ParOldGen       total 926208K, used 925704K [0x0000000080000000, 0x00000000b8880000, 0x00000000d5580000)
  object space 926208K, 99% used [0x0000000080000000,0x00000000b8802090,0x00000000b8880000)
 Metaspace       used 102331K, committed 104448K, reserved 1179648K
  class space    used 10089K, committed 11072K, reserved 1048576K
}
Event: 2951.375 GC heap before
{Heap before GC invocations=5363 (full 9):
 PSYoungGen      total 10752K, used 10328K [0x00000000d5580000, 0x00000000d6400000, 0x0000000100000000)
  eden space 9216K, 100% used [0x00000000d5580000,0x00000000d5e80000,0x00000000d5e80000)
  from space 1536K, 72% used [0x00000000d6080000,0x00000000d6196030,0x00000000d6200000)
  to   space 2048K, 0% used [0x00000000d6200000,0x00000000d6200000,0x00000000d6400000)
 ParOldGen       total 926208K, used 925704K [0x0000000080000000, 0x00000000b8880000, 0x00000000d5580000)
  object space 926208K, 99% used [0x0000000080000000,0x00000000b8802090,0x00000000b8880000)
 Metaspace       used 102339K, committed 104448K, reserved 1179648K
  class space    used 10089K, committed 11072K, reserved 1048576K
}
Event: 2951.405 GC heap after
{Heap after GC invocations=5363 (full 9):
 PSYoungGen      total 9728K, used 448K [0x00000000d5580000, 0x00000000d6280000, 0x0000000100000000)
  eden space 9216K, 0% used [0x00000000d5580000,0x00000000d5580000,0x00000000d5e80000)
  from space 512K, 87% used [0x00000000d6200000,0x00000000d6270000,0x00000000d6280000)
  to   space 1024K, 0% used [0x00000000d6080000,0x00000000d6080000,0x00000000d6180000)
 ParOldGen       total 926208K, used 926095K [0x0000000080000000, 0x00000000b8880000, 0x00000000d5580000)
  object space 926208K, 99% used [0x0000000080000000,0x00000000b8863f18,0x00000000b8880000)
 Metaspace       used 102339K, committed 104448K, reserved 1179648K
  class space    used 10089K, committed 11072K, reserved 1048576K
}

